# JRE version: OpenJDK Runtime Environment (8.0_232-b09) (build 1.8.0_232-b09)
# Java VM: OpenJDK 64-Bit Server VM (25.232-b09 mixed mode windows-amd64 compressed oops)
Heap:
 PSYoungGen      total 215040K, used 156826K [0x000000076b180000, 0x000000077bb00000, 0x00000007c0000000)
  eden space 170496K, 73% used [0x000000076b180000,0x0000000772c6a8a8,0x0000000775800000)
  from space 44544K, 69% used [0x0000000778f80000,0x000000077adbbf68,0x000000077bb00000)
  to   space 50688K, 0% used [0x0000000775800000,0x0000000775800000,0x0000000778980000)
 ParOldGen       total 119296K, used 61934K [0x00000006c1400000, 0x00000006c8880000, 0x000000076b180000)
  object space 119296K, 51% used [0x00000006c1400000,0x00000006c507b800,0x00000006c8880000)
 Metaspace       used 31048K, capacity 32822K, committed 33152K, reserved 1077248K
  class space    used 4544K, capacity 4911K, committed 4992K, reserved 1048576K
GC Heap History (42 events):
Event: 1.083 GC heap before
{Heap before GC invocations=1 (full 0):
 PSYoungGen      total 76288K, used 65536K [0x000000076b180000, 0x0000000770680000, 0x00000007c0000000)
  eden space 65536K, 100% used [0x000000076b180000,0x000000076f180000,0x000000076f180000)
  from space 10752K, 0% used [0x000000076fc00000,0x000000076fc00000,0x0000000770680000)
  to   space 10752K, 0% used [0x000000076f180000,0x000000076f180000,0x000000076fc00000)
 ParOldGen       total 175104K, used 0K [0x00000006c1400000, 0x00000006cbf00000, 0x000000076b180000)
  object space 175104K, 0% used [0x00000006c1400000,0x00000006c1400000,0x00000006cbf00000)
 Metaspace       used 10752K, capacity 10872K, committed 11008K, reserved 1058816K
  class space    used 1686K, capacity 1746K, committed 1792K, reserved 1048576K
Event: 1.088 GC heap after
Heap after GC invocations=1 (full 0):
 PSYoungGen      total 76288K, used 5682K [0x000000076b180000, 0x0000000770680000, 0x00000007c0000000)
  eden space 65536K, 0% used [0x000000076b180000,0x000000076b180000,0x000000076f180000)
  from space 10752K, 52% used [0x000000076f180000,0x000000076f70ca68,0x000000076fc00000)
  to   space 10752K, 0% used [0x000000076fc00000,0x000000076fc00000,0x0000000770680000)
 ParOldGen       total 175104K, used 16K [0x00000006c1400000, 0x00000006cbf00000, 0x000000076b180000)
  object space 175104K, 0% used [0x00000006c1400000,0x00000006c1404000,0x00000006cbf00000)
 Metaspace       used 10752K, capacity 10872K, committed 11008K, reserved 1058816K
  class space    used 1686K, capacity 1746K, committed 1792K, reserved 1048576K
}
Event: 1.712 GC heap before
{Heap before GC invocations=2 (full 0):
 PSYoungGen      total 76288K, used 71218K [0x000000076b180000, 0x0000000770680000, 0x00000007c0000000)
  eden space 65536K, 100% used [0x000000076b180000,0x000000076f180000,0x000000076f180000)
  from space 10752K, 52% used [0x000000076f180000,0x000000076f70ca68,0x000000076fc00000)
  to   space 10752K, 0% used [0x000000076fc00000,0x000000076fc00000,0x0000000770680000)
 ParOldGen       total 175104K, used 16K [0x00000006c1400000, 0x00000006cbf00000, 0x000000076b180000)
  object space 175104K, 0% used [0x00000006c1400000,0x00000006c1404000,0x00000006cbf00000)
 Metaspace       used 15293K, capacity 15461K, committed 15744K, reserved 1062912K
  class space    used 3059K, capacity 3138K, committed 3200K, reserved 1048576K
Event: 1.724 GC heap after
Heap after GC invocations=2 (full 0):
 PSYoungGen      total 76288K, used 9301K [0x000000076b180000, 0x0000000774680000, 0x00000007c0000000)
  eden space 65536K, 0% used [0x000000076b180000,0x000000076b180000,0x000000076f180000)
  from space 10752K, 86% used [0x000000076fc00000,0x0000000770515560,0x0000000770680000)
  to   space 10752K, 0% used [0x000000076f180000,0x000000076f180000,0x000000076fc00000)
 ParOldGen       total 175104K, used 24K [0x00000006c1400000, 0x00000006cbf00000, 0x000000076b180000)
  object space 175104K, 0% used [0x00000006c1400000,0x00000006c1406000,0x00000006cbf00000)
 Metaspace       used 15293K, capacity 15461K, committed 15744K, reserved 1062912K
  class space    used 3059K, capacity 3138K, committed 3200K, reserved 1048576K
}
Event: 3.429 GC heap before
{Heap before GC invocations=3 (full 0):
 PSYoungGen      total 76288K, used 58816K [0x000000076b180000, 0x0000000774680000, 0x00000007c0000000)
  eden space 65536K, 75% used [0x000000076b180000,0x000000076e1dad88,0x000000076f180000)
  from space 10752K, 86% used [0x000000076fc00000,0x0000000770515560,0x0000000770680000)
  to   space 10752K, 0% used [0x000000076f180000,0x000000076f180000,0x000000076fc00000)
 ParOldGen       total 175104K, used 24K [0x00000006c1400000, 0x00000006cbf00000, 0x000000076b180000)
  object space 175104K, 0% used [0x00000006c1400000,0x00000006c1406000,0x00000006cbf00000)
 Metaspace       used 20759K, capacity 21017K, committed 21296K, reserved 1067008K
  class space    used 3773K, capacity 3858K, committed 3968K, reserved 1048576K
Event: 3.440 GC heap after
Heap after GC invocations=3 (full 0):
 PSYoungGen      total 76288K, used 10737K [0x000000076b180000, 0x0000000770680000, 0x00000007c0000000)
  eden space 65536K, 0% used [0x000000076b180000,0x000000076b180000,0x000000076f180000)
  from space 10752K, 99% used [0x000000076f180000,0x000000076fbfc5e0,0x000000076fc00000)
  to   space 10752K, 0% used [0x000000076fc00000,0x000000076fc00000,0x0000000770680000)
 ParOldGen       total 175104K, used 2947K [0x00000006c1400000, 0x00000006cbf00000, 0x000000076b180000)
  object space 175104K, 1% used [0x00000006c1400000,0x00000006c16e0c98,0x00000006cbf00000)
 Metaspace       used 20759K, capacity 21017K, committed 21296K, reserved 1067008K
  class space    used 3773K, capacity 3858K, committed 3968K, reserved 1048576K
}
Event: 3.440 GC heap before
{Heap before GC invocations=4 (full 1):
 PSYoungGen      total 76288K, used 10737K [0x000000076b180000, 0x0000000770680000, 0x00000007c0000000)
  eden space 65536K, 0% used [0x000000076b180000,0x000000076b180000,0x000000076f180000)
  from space 10752K, 99% used [0x000000076f180000,0x000000076fbfc5e0,0x000000076fc00000)
  to   space 10752K, 0% used [0x000000076fc00000,0x000000076fc00000,0x0000000770680000)
 ParOldGen       total 175104K, used 2947K [0x00000006c1400000, 0x00000006cbf00000, 0x000000076b180000)
  object space 175104K, 1% used [0x00000006c1400000,0x00000006c16e0c98,0x00000006cbf00000)
 Metaspace       used 20759K, capacity 21017K, committed 21296K, reserved 1067008K
  class space    used 3773K, capacity 3858K, committed 3968K, reserved 1048576K
Event: 3.485 GC heap after
Heap after GC invocations=4 (full 1):
 PSYoungGen      total 76288K, used 0K [0x000000076b180000, 0x0000000770680000, 0x00000007c0000000)
  eden space 65536K, 0% used [0x000000076b180000,0x000000076b180000,0x000000076f180000)
  from space 10752K, 0% used [0x000000076f180000,0x000000076f180000,0x000000076fc00000)
  to   space 10752K, 0% used [0x000000076fc00000,0x000000076fc00000,0x0000000770680000)
 ParOldGen       total 119296K, used 13410K [0x00000006c1400000, 0x00000006c8880000, 0x000000076b180000)
  object space 119296K, 11% used [0x00000006c1400000,0x00000006c21189f8,0x00000006c8880000)
 Metaspace       used 20759K, capacity 21017K, committed 21296K, reserved 1067008K
  class space    used 3773K, capacity 3858K, committed 3968K, reserved 1048576K
}
Event: 3.603 GC heap before
{Heap before GC invocations=5 (full 1):
 PSYoungGen      total 76288K, used 65536K [0x000000076b180000, 0x0000000770680000, 0x00000007c0000000)
  eden space 65536K, 100% used [0x000000076b180000,0x000000076f180000,0x000000076f180000)
  from space 10752K, 0% used [0x000000076f180000,0x000000076f180000,0x000000076fc00000)
  to   space 10752K, 0% used [0x000000076fc00000,0x000000076fc00000,0x0000000770680000)
 ParOldGen       total 119296K, used 13410K [0x00000006c1400000, 0x00000006c8880000, 0x000000076b180000)
  object space 119296K, 11% used [0x00000006c1400000,0x00000006c21189f8,0x00000006c8880000)
 Metaspace       used 20898K, capacity 21179K, committed 21552K, reserved 1067008K
  class space    used 3786K, capacity 3865K, committed 3968K, reserved 1048576K
Event: 3.605 GC heap after
Heap after GC invocations=5 (full 1):
 PSYoungGen      total 76288K, used 3571K [0x000000076b180000, 0x0000000772380000, 0x00000007c0000000)
  eden space 65536K, 0% used [0x000000076b180000,0x000000076b180000,0x000000076f180000)
  from space 10752K, 33% used [0x000000076fc00000,0x000000076ff7cc20,0x0000000770680000)
  to   space 10752K, 0% used [0x000000076f180000,0x000000076f180000,0x000000076fc00000)
 ParOldGen       total 119296K, used 13418K [0x00000006c1400000, 0x00000006c8880000, 0x000000076b180000)
  object space 119296K, 11% used [0x00000006c1400000,0x00000006c211a9f8,0x00000006c8880000)
 Metaspace       used 20898K, capacity 21179K, committed 21552K, reserved 1067008K
  class space    used 3786K, capacity 3865K, committed 3968K, reserved 1048576K
}
Event: 4.400 GC heap before
{Heap before GC invocations=6 (full 1):
 PSYoungGen      total 76288K, used 69107K [0x000000076b180000, 0x0000000772380000, 0x00000007c0000000)
  eden space 65536K, 100% used [0x000000076b180000,0x000000076f180000,0x000000076f180000)
  from space 10752K, 33% used [0x000000076fc00000,0x000000076ff7cc20,0x0000000770680000)
  to   space 10752K, 0% used [0x000000076f180000,0x000000076f180000,0x000000076fc00000)
 ParOldGen       total 119296K, used 13418K [0x00000006c1400000, 0x00000006c8880000, 0x000000076b180000)
  object space 119296K, 11% used [0x00000006c1400000,0x00000006c211a9f8,0x00000006c8880000)
 Metaspace       used 23791K, capacity 24069K, committed 24320K, reserved 1069056K
  class space    used 3994K, capacity 4068K, committed 4096K, reserved 1048576K
Event: 4.405 GC heap after
Heap after GC invocations=6 (full 1):
 PSYoungGen      total 76288K, used 4390K [0x000000076b180000, 0x0000000772a80000, 0x00000007c0000000)
  eden space 65536K, 0% used [0x000000076b180000,0x000000076b180000,0x000000076f180000)
  from space 10752K, 40% used [0x000000076f180000,0x000000076f5c9ba0,0x000000076fc00000)
  to   space 15360K, 0% used [0x0000000771b80000,0x0000000771b80000,0x0000000772a80000)
 ParOldGen       total 119296K, used 13426K [0x00000006c1400000, 0x00000006c8880000, 0x000000076b180000)
  object space 119296K, 11% used [0x00000006c1400000,0x00000006c211c9f8,0x00000006c8880000)
 Metaspace       used 23791K, capacity 24069K, committed 24320K, reserved 1069056K
  class space    used 3994K, capacity 4068K, committed 4096K, reserved 1048576K
}
Event: 5.781 GC heap before
{Heap before GC invocations=7 (full 1):
 PSYoungGen      total 76288K, used 69926K [0x000000076b180000, 0x0000000772a80000, 0x00000007c0000000)
  eden space 65536K, 100% used [0x000000076b180000,0x000000076f180000,0x000000076f180000)
  from space 10752K, 40% used [0x000000076f180000,0x000000076f5c9ba0,0x000000076fc00000)
  to   space 15360K, 0% used [0x0000000771b80000,0x0000000771b80000,0x0000000772a80000)
 ParOldGen       total 119296K, used 13426K [0x00000006c1400000, 0x00000006c8880000, 0x000000076b180000)
  object space 119296K, 11% used [0x00000006c1400000,0x00000006c211c9f8,0x00000006c8880000)
 Metaspace       used 24603K, capacity 24953K, committed 25216K, reserved 1071104K
  class space    used 4039K, capacity 4118K, committed 4224K, reserved 1048576K
Event: 5.790 GC heap after
Heap after GC invocations=7 (full 1):
 PSYoungGen      total 107520K, used 10159K [0x000000076b180000, 0x0000000772a80000, 0x00000007c0000000)
  eden space 92160K, 0% used [0x000000076b180000,0x000000076b180000,0x0000000770b80000)
  from space 15360K, 66% used [0x0000000771b80000,0x000000077256bcd0,0x0000000772a80000)
  to   space 15872K, 0% used [0x0000000770b80000,0x0000000770b80000,0x0000000771b00000)
 ParOldGen       total 119296K, used 13434K [0x00000006c1400000, 0x00000006c8880000, 0x000000076b180000)
  object space 119296K, 11% used [0x00000006c1400000,0x00000006c211e9f8,0x00000006c8880000)
 Metaspace       used 24603K, capacity 24953K, committed 25216K, reserved 1071104K
  class space    used 4039K, capacity 4118K, committed 4224K, reserved 1048576K
}
Event: 6.791 GC heap before
{Heap before GC invocations=8 (full 1):
 PSYoungGen      total 107520K, used 102319K [0x000000076b180000, 0x0000000772a80000, 0x00000007c0000000)
  eden space 92160K, 100% used [0x000000076b180000,0x0000000770b80000,0x0000000770b80000)
  from space 15360K, 66% used [0x0000000771b80000,0x000000077256bcd0,0x0000000772a80000)
  to   space 15872K, 0% used [0x0000000770b80000,0x0000000770b80000,0x0000000771b00000)
 ParOldGen       total 119296K, used 13434K [0x00000006c1400000, 0x00000006c8880000, 0x000000076b180000)
  object space 119296K, 11% used [0x00000006c1400000,0x00000006c211e9f8,0x00000006c8880000)
 Metaspace       used 25244K, capacity 25671K, committed 25728K, reserved 1071104K
  class space    used 4086K, capacity 4209K, committed 4224K, reserved 1048576K
Event: 6.816 GC heap after
Heap after GC invocations=8 (full 1):
 PSYoungGen      total 108032K, used 15870K [0x000000076b180000, 0x0000000776c00000, 0x00000007c0000000)
  eden space 92160K, 0% used [0x000000076b180000,0x000000076b180000,0x0000000770b80000)
  from space 15872K, 99% used [0x0000000770b80000,0x0000000771affba0,0x0000000771b00000)
  to   space 26624K, 0% used [0x0000000775200000,0x0000000775200000,0x0000000776c00000)
 ParOldGen       total 119296K, used 29026K [0x00000006c1400000, 0x00000006c8880000, 0x000000076b180000)
  object space 119296K, 24% used [0x00000006c1400000,0x00000006c30589a0,0x00000006c8880000)
 Metaspace       used 25244K, capacity 25671K, committed 25728K, reserved 1071104K
  class space    used 4086K, capacity 4209K, committed 4224K, reserved 1048576K
}
Event: 8.063 GC heap before
{Heap before GC invocations=9 (full 1):
 PSYoungGen      total 108032K, used 108030K [0x000000076b180000, 0x0000000776c00000, 0x00000007c0000000)
  eden space 92160K, 100% used [0x000000076b180000,0x0000000770b80000,0x0000000770b80000)
  from space 15872K, 99% used [0x0000000770b80000,0x0000000771affba0,0x0000000771b00000)
  to   space 26624K, 0% used [0x0000000775200000,0x0000000775200000,0x0000000776c00000)
 ParOldGen       total 119296K, used 29026K [0x00000006c1400000, 0x00000006c8880000, 0x000000076b180000)
  object space 119296K, 24% used [0x00000006c1400000,0x00000006c30589a0,0x00000006c8880000)
 Metaspace       used 25861K, capacity 26337K, committed 26496K, reserved 1071104K
  class space    used 4106K, capacity 4224K, committed 4224K, reserved 1048576K
Event: 8.078 GC heap after
Heap after GC invocations=9 (full 1):
 PSYoungGen      total 160768K, used 22863K [0x000000076b180000, 0x0000000777280000, 0x00000007c0000000)
  eden space 134144K, 0% used [0x000000076b180000,0x000000076b180000,0x0000000773480000)
  from space 26624K, 85% used [0x0000000775200000,0x0000000776853e90,0x0000000776c00000)
  to   space 30208K, 0% used [0x0000000773480000,0x0000000773480000,0x0000000775200000)
 ParOldGen       total 119296K, used 29034K [0x00000006c1400000, 0x00000006c8880000, 0x000000076b180000)
  object space 119296K, 24% used [0x00000006c1400000,0x00000006c305a9a0,0x00000006c8880000)
 Metaspace       used 25861K, capacity 26337K, committed 26496K, reserved 1071104K
  class space    used 4106K, capacity 4224K, committed 4224K, reserved 1048576K
}
Event: 8.866 GC heap before
{Heap before GC invocations=10 (full 1):
 PSYoungGen      total 160768K, used 157007K [0x000000076b180000, 0x0000000777280000, 0x00000007c0000000)
  eden space 134144K, 100% used [0x000000076b180000,0x0000000773480000,0x0000000773480000)
  from space 26624K, 85% used [0x0000000775200000,0x0000000776853e90,0x0000000776c00000)
  to   space 30208K, 0% used [0x0000000773480000,0x0000000773480000,0x0000000775200000)
 ParOldGen       total 119296K, used 29034K [0x00000006c1400000, 0x00000006c8880000, 0x000000076b180000)
  object space 119296K, 24% used [0x00000006c1400000,0x00000006c305a9a0,0x00000006c8880000)
 Metaspace       used 26081K, capacity 26565K, committed 26880K, reserved 1071104K
  class space    used 4109K, capacity 4230K, committed 4352K, reserved 1048576K
Event: 8.893 GC heap after
Heap after GC invocations=10 (full 1):
 PSYoungGen      total 164352K, used 30189K [0x000000076b180000, 0x000000077aa00000, 0x00000007c0000000)
  eden space 134144K, 0% used [0x000000076b180000,0x000000076b180000,0x0000000773480000)
  from space 30208K, 99% used [0x0000000773480000,0x00000007751fb498,0x0000000775200000)
  to   space 36864K, 0% used [0x0000000778600000,0x0000000778600000,0x000000077aa00000)
 ParOldGen       total 119296K, used 32551K [0x00000006c1400000, 0x00000006c8880000, 0x000000076b180000)
  object space 119296K, 27% used [0x00000006c1400000,0x00000006c33c9cd0,0x00000006c8880000)
 Metaspace       used 26081K, capacity 26565K, committed 26880K, reserved 1071104K
  class space    used 4109K, capacity 4230K, committed 4352K, reserved 1048576K
}
Event: 11.062 GC heap before
{Heap before GC invocations=11 (full 1):
 PSYoungGen      total 164352K, used 164333K [0x000000076b180000, 0x000000077aa00000, 0x00000007c0000000)
  eden space 134144K, 100% used [0x000000076b180000,0x0000000773480000,0x0000000773480000)
  from space 30208K, 99% used [0x0000000773480000,0x00000007751fb498,0x0000000775200000)
  to   space 36864K, 0% used [0x0000000778600000,0x0000000778600000,0x000000077aa00000)
 ParOldGen       total 119296K, used 32551K [0x00000006c1400000, 0x00000006c8880000, 0x000000076b180000)
  object space 119296K, 27% used [0x00000006c1400000,0x00000006c33c9cd0,0x00000006c8880000)
 Metaspace       used 26629K, capacity 27229K, committed 27392K, reserved 1073152K
  class space    used 4128K, capacity 4252K, committed 4352K, reserved 1048576K
Event: 11.078 GC heap after
Heap after GC invocations=11 (full 1):
 PSYoungGen      total 212992K, used 34282K [0x000000076b180000, 0x000000077b000000, 0x00000007c0000000)
  eden space 176128K, 0% used [0x000000076b180000,0x000000076b180000,0x0000000775d80000)
  from space 36864K, 92% used [0x0000000778600000,0x000000077a77a9b8,0x000000077aa00000)
  to   space 41472K, 0% used [0x0000000775d80000,0x0000000775d80000,0x0000000778600000)
 ParOldGen       total 119296K, used 32559K [0x00000006c1400000, 0x00000006c8880000, 0x000000076b180000)
  object space 119296K, 27% used [0x00000006c1400000,0x00000006c33cbcd0,0x00000006c8880000)
 Metaspace       used 26629K, capacity 27229K, committed 27392K, reserved 1073152K
  class space    used 4128K, capacity 4252K, committed 4352K, reserved 1048576K
}
Event: 32.012 GC heap before
{Heap before GC invocations=12 (full 1):
 PSYoungGen      total 212992K, used 210410K [0x000000076b180000, 0x000000077b000000, 0x00000007c0000000)
  eden space 176128K, 100% used [0x000000076b180000,0x0000000775d80000,0x0000000775d80000)
  from space 36864K, 92% used [0x0000000778600000,0x000000077a77a9b8,0x000000077aa00000)
  to   space 41472K, 0% used [0x0000000775d80000,0x0000000775d80000,0x0000000778600000)
 ParOldGen       total 119296K, used 32559K [0x00000006c1400000, 0x00000006c8880000, 0x000000076b180000)
  object space 119296K, 27% used [0x00000006c1400000,0x00000006c33cbcd0,0x00000006c8880000)
 Metaspace       used 30730K, capacity 32542K, committed 32896K, reserved 1077248K
  class space    used 4521K, capacity 4907K, committed 4992K, reserved 1048576K
Event: 32.055 GC heap after
Heap after GC invocations=12 (full 1):
 PSYoungGen      total 217600K, used 41454K [0x000000076b180000, 0x000000077fb00000, 0x00000007c0000000)
  eden space 176128K, 0% used [0x000000076b180000,0x000000076b180000,0x0000000775d80000)
  from space 41472K, 99% used [0x0000000775d80000,0x00000007785fb980,0x0000000778600000)
  to   space 55296K, 0% used [0x000000077c500000,0x000000077c500000,0x000000077fb00000)
 ParOldGen       total 119296K, used 51081K [0x00000006c1400000, 0x00000006c8880000, 0x000000076b180000)
  object space 119296K, 42% used [0x00000006c1400000,0x00000006c45e2710,0x00000006c8880000)
 Metaspace       used 30730K, capacity 32542K, committed 32896K, reserved 1077248K
  class space    used 4521K, capacity 4907K, committed 4992K, reserved 1048576K
}
Event: 115.240 GC heap before
{Heap before GC invocations=13 (full 1):
 PSYoungGen      total 217600K, used 217582K [0x000000076b180000, 0x000000077fb00000, 0x00000007c0000000)
  eden space 176128K, 100% used [0x000000076b180000,0x0000000775d80000,0x0000000775d80000)
  from space 41472K, 99% used [0x0000000775d80000,0x00000007785fb980,0x0000000778600000)
  to   space 55296K, 0% used [0x000000077c500000,0x000000077c500000,0x000000077fb00000)
 ParOldGen       total 119296K, used 51081K [0x00000006c1400000, 0x00000006c8880000, 0x000000076b180000)
  object space 119296K, 42% used [0x00000006c1400000,0x00000006c45e2710,0x00000006c8880000)
 Metaspace       used 30946K, capacity 32758K, committed 32896K, reserved 1077248K
  class space    used 4540K, capacity 4911K, committed 4992K, reserved 1048576K
Event: 115.266 GC heap after
Heap after GC invocations=13 (full 1):
 PSYoungGen      total 267776K, used 30927K [0x000000076b180000, 0x000000077f400000, 0x00000007c0000000)
  eden space 219648K, 0% used [0x000000076b180000,0x000000076b180000,0x0000000778800000)
  from space 48128K, 64% used [0x000000077c500000,0x000000077e333d28,0x000000077f400000)
  to   space 55296K, 0% used [0x0000000778800000,0x0000000778800000,0x000000077be00000)
 ParOldGen       total 119296K, used 61870K [0x00000006c1400000, 0x00000006c8880000, 0x000000076b180000)
  object space 119296K, 51% used [0x00000006c1400000,0x00000006c506b800,0x00000006c8880000)
 Metaspace       used 30946K, capacity 32758K, committed 32896K, reserved 1077248K
  class space    used 4540K, capacity 4911K, committed 4992K, reserved 1048576K
}
Event: 232.015 GC heap before
{Heap before GC invocations=14 (full 1):
 PSYoungGen      total 267776K, used 250575K [0x000000076b180000, 0x000000077f400000, 0x00000007c0000000)
  eden space 219648K, 100% used [0x000000076b180000,0x0000000778800000,0x0000000778800000)
  from space 48128K, 64% used [0x000000077c500000,0x000000077e333d28,0x000000077f400000)
  to   space 55296K, 0% used [0x0000000778800000,0x0000000778800000,0x000000077be00000)
 ParOldGen       total 119296K, used 61870K [0x00000006c1400000, 0x00000006c8880000, 0x000000076b180000)
  object space 119296K, 51% used [0x00000006c1400000,0x00000006c506b800,0x00000006c8880000)
 Metaspace       used 30971K, capacity 32758K, committed 32896K, reserved 1077248K
  class space    used 4540K, capacity 4911K, committed 4992K, reserved 1048576K
Event: 232.041 GC heap after
Heap after GC invocations=14 (full 1):
 PSYoungGen      total 243712K, used 30843K [0x000000076b180000, 0x000000077ed00000, 0x00000007c0000000)
  eden space 212480K, 0% used [0x000000076b180000,0x000000076b180000,0x0000000778100000)
  from space 31232K, 98% used [0x0000000778800000,0x000000077a61ed78,0x000000077a680000)
  to   space 55296K, 0% used [0x000000077b700000,0x000000077b700000,0x000000077ed00000)
 ParOldGen       total 119296K, used 61878K [0x00000006c1400000, 0x00000006c8880000, 0x000000076b180000)
  object space 119296K, 51% used [0x00000006c1400000,0x00000006c506d800,0x00000006c8880000)
 Metaspace       used 30971K, capacity 32758K, committed 32896K, reserved 1077248K
  class space    used 4540K, capacity 4911K, committed 4992K, reserved 1048576K
}
Event: 347.011 GC heap before
{Heap before GC invocations=15 (full 1):
 PSYoungGen      total 243712K, used 243323K [0x000000076b180000, 0x000000077ed00000, 0x00000007c0000000)
  eden space 212480K, 100% used [0x000000076b180000,0x0000000778100000,0x0000000778100000)
  from space 31232K, 98% used [0x0000000778800000,0x000000077a61ed78,0x000000077a680000)
  to   space 55296K, 0% used [0x000000077b700000,0x000000077b700000,0x000000077ed00000)
 ParOldGen       total 119296K, used 61878K [0x00000006c1400000, 0x00000006c8880000, 0x000000076b180000)
  object space 119296K, 51% used [0x00000006c1400000,0x00000006c506d800,0x00000006c8880000)
 Metaspace       used 30971K, capacity 32758K, committed 32896K, reserved 1077248K
  class space    used 4540K, capacity 4911K, committed 4992K, reserved 1048576K
Event: 347.035 GC heap after
Heap after GC invocations=15 (full 1):
 PSYoungGen      total 254464K, used 30832K [0x000000076b180000, 0x000000077e680000, 0x00000007c0000000)
  eden space 205824K, 0% used [0x000000076b180000,0x000000076b180000,0x0000000777a80000)
  from space 48640K, 63% used [0x000000077b700000,0x000000077d51c0a0,0x000000077e680000)
  to   space 55296K, 0% used [0x0000000777a80000,0x0000000777a80000,0x000000077b080000)
 ParOldGen       total 119296K, used 61886K [0x00000006c1400000, 0x00000006c8880000, 0x000000076b180000)
  object space 119296K, 51% used [0x00000006c1400000,0x00000006c506f800,0x00000006c8880000)
 Metaspace       used 30971K, capacity 32758K, committed 32896K, reserved 1077248K
  class space    used 4540K, capacity 4911K, committed 4992K, reserved 1048576K
}
Event: 457.520 GC heap before
{Heap before GC invocations=16 (full 1):
 PSYoungGen      total 254464K, used 236656K [0x000000076b180000, 0x000000077e680000, 0x00000007c0000000)
  eden space 205824K, 100% used [0x000000076b180000,0x0000000777a80000,0x0000000777a80000)
  from space 48640K, 63% used [0x000000077b700000,0x000000077d51c0a0,0x000000077e680000)
  to   space 55296K, 0% used [0x0000000777a80000,0x0000000777a80000,0x000000077b080000)
 ParOldGen       total 119296K, used 61886K [0x00000006c1400000, 0x00000006c8880000, 0x000000076b180000)
  object space 119296K, 51% used [0x00000006c1400000,0x00000006c506f800,0x00000006c8880000)
 Metaspace       used 30975K, capacity 32758K, committed 32896K, reserved 1077248K
  class space    used 4540K, capacity 4911K, committed 4992K, reserved 1048576K
Event: 457.551 GC heap after
Heap after GC invocations=16 (full 1):
 PSYoungGen      total 230400K, used 30863K [0x000000076b180000, 0x000000077df00000, 0x00000007c0000000)
  eden space 199168K, 0% used [0x000000076b180000,0x000000076b180000,0x0000000777400000)
  from space 31232K, 98% used [0x0000000777a80000,0x00000007798a3c40,0x0000000779900000)
  to   space 54784K, 0% used [0x000000077a980000,0x000000077a980000,0x000000077df00000)
 ParOldGen       total 119296K, used 61894K [0x00000006c1400000, 0x00000006c8880000, 0x000000076b180000)
  object space 119296K, 51% used [0x00000006c1400000,0x00000006c5071800,0x00000006c8880000)
 Metaspace       used 30975K, capacity 32758K, committed 32896K, reserved 1077248K
  class space    used 4540K, capacity 4911K, committed 4992K, reserved 1048576K
}
Event: 566.580 GC heap before
{Heap before GC invocations=17 (full 1):
 PSYoungGen      total 230400K, used 230031K [0x000000076b180000, 0x000000077df00000, 0x00000007c0000000)
  eden space 199168K, 100% used [0x000000076b180000,0x0000000777400000,0x0000000777400000)
  from space 31232K, 98% used [0x0000000777a80000,0x00000007798a3c40,0x0000000779900000)
  to   space 54784K, 0% used [0x000000077a980000,0x000000077a980000,0x000000077df00000)
 ParOldGen       total 119296K, used 61894K [0x00000006c1400000, 0x00000006c8880000, 0x000000076b180000)
  object space 119296K, 51% used [0x00000006c1400000,0x00000006c5071800,0x00000006c8880000)
 Metaspace       used 30977K, capacity 32758K, committed 32896K, reserved 1077248K
  class space    used 4540K, capacity 4911K, committed 4992K, reserved 1048576K
Event: 566.608 GC heap after
Heap after GC invocations=17 (full 1):
 PSYoungGen      total 239616K, used 30829K [0x000000076b180000, 0x000000077d700000, 0x00000007c0000000)
  eden space 193024K, 0% used [0x000000076b180000,0x000000076b180000,0x0000000776e00000)
  from space 46592K, 66% used [0x000000077a980000,0x000000077c79b518,0x000000077d700000)
  to   space 53760K, 0% used [0x0000000776e00000,0x0000000776e00000,0x000000077a280000)
 ParOldGen       total 119296K, used 61902K [0x00000006c1400000, 0x00000006c8880000, 0x000000076b180000)
  object space 119296K, 51% used [0x00000006c1400000,0x00000006c5073800,0x00000006c8880000)
 Metaspace       used 30977K, capacity 32758K, committed 32896K, reserved 1077248K
  class space    used 4540K, capacity 4911K, committed 4992K, reserved 1048576K
}
Event: 672.009 GC heap before
{Heap before GC invocations=18 (full 1):
 PSYoungGen      total 239616K, used 223853K [0x000000076b180000, 0x000000077d700000, 0x00000007c0000000)
  eden space 193024K, 100% used [0x000000076b180000,0x0000000776e00000,0x0000000776e00000)
  from space 46592K, 66% used [0x000000077a980000,0x000000077c79b518,0x000000077d700000)
  to   space 53760K, 0% used [0x0000000776e00000,0x0000000776e00000,0x000000077a280000)
 ParOldGen       total 119296K, used 61902K [0x00000006c1400000, 0x00000006c8880000, 0x000000076b180000)
  object space 119296K, 51% used [0x00000006c1400000,0x00000006c5073800,0x00000006c8880000)
 Metaspace       used 30985K, capacity 32758K, committed 32896K, reserved 1077248K
  class space    used 4540K, capacity 4911K, committed 4992K, reserved 1048576K
Event: 672.042 GC heap after
Heap after GC invocations=18 (full 1):
 PSYoungGen      total 218112K, used 30840K [0x000000076b180000, 0x000000077d000000, 0x00000007c0000000)
  eden space 186880K, 0% used [0x000000076b180000,0x000000076b180000,0x0000000776800000)
  from space 31232K, 98% used [0x0000000776e00000,0x0000000778c1e230,0x0000000778c80000)
  to   space 53248K, 0% used [0x0000000779c00000,0x0000000779c00000,0x000000077d000000)
 ParOldGen       total 119296K, used 61910K [0x00000006c1400000, 0x00000006c8880000, 0x000000076b180000)
  object space 119296K, 51% used [0x00000006c1400000,0x00000006c5075800,0x00000006c8880000)
 Metaspace       used 30985K, capacity 32758K, committed 32896K, reserved 1077248K
  class space    used 4540K, capacity 4911K, committed 4992K, reserved 1048576K
}
Event: 772.742 GC heap before
{Heap before GC invocations=19 (full 1):
 PSYoungGen      total 218112K, used 217720K [0x000000076b180000, 0x000000077d000000, 0x00000007c0000000)
  eden space 186880K, 100% used [0x000000076b180000,0x0000000776800000,0x0000000776800000)
  from space 31232K, 98% used [0x0000000776e00000,0x0000000778c1e230,0x0000000778c80000)
  to   space 53248K, 0% used [0x0000000779c00000,0x0000000779c00000,0x000000077d000000)
 ParOldGen       total 119296K, used 61910K [0x00000006c1400000, 0x00000006c8880000, 0x000000076b180000)
  object space 119296K, 51% used [0x00000006c1400000,0x00000006c5075800,0x00000006c8880000)
 Metaspace       used 30988K, capacity 32758K, committed 32896K, reserved 1077248K
  class space    used 4540K, capacity 4911K, committed 4992K, reserved 1048576K
Event: 772.768 GC heap after
Heap after GC invocations=19 (full 1):
 PSYoungGen      total 226816K, used 30878K [0x000000076b180000, 0x000000077c880000, 0x00000007c0000000)
  eden space 181248K, 0% used [0x000000076b180000,0x000000076b180000,0x0000000776280000)
  from space 45568K, 67% used [0x0000000779c00000,0x000000077ba27b60,0x000000077c880000)
  to   space 52224K, 0% used [0x0000000776280000,0x0000000776280000,0x0000000779580000)
 ParOldGen       total 119296K, used 61918K [0x00000006c1400000, 0x00000006c8880000, 0x000000076b180000)
  object space 119296K, 51% used [0x00000006c1400000,0x00000006c5077800,0x00000006c8880000)
 Metaspace       used 30988K, capacity 32758K, committed 32896K, reserved 1077248K
  class space    used 4540K, capacity 4911K, committed 4992K, reserved 1048576K
}
Event: 872.016 GC heap before
{Heap before GC invocations=20 (full 1):
 PSYoungGen      total 226816K, used 212126K [0x000000076b180000, 0x000000077c880000, 0x00000007c0000000)
  eden space 181248K, 100% used [0x000000076b180000,0x0000000776280000,0x0000000776280000)
  from space 45568K, 67% used [0x0000000779c00000,0x000000077ba27b60,0x000000077c880000)
  to   space 52224K, 0% used [0x0000000776280000,0x0000000776280000,0x0000000779580000)
 ParOldGen       total 119296K, used 61918K [0x00000006c1400000, 0x00000006c8880000, 0x000000076b180000)
  object space 119296K, 51% used [0x00000006c1400000,0x00000006c5077800,0x00000006c8880000)
 Metaspace       used 31008K, capacity 32758K, committed 32896K, reserved 1077248K
  class space    used 4542K, capacity 4911K, committed 4992K, reserved 1048576K
Event: 872.036 GC heap after
Heap after GC invocations=20 (full 1):
 PSYoungGen      total 206848K, used 30992K [0x000000076b180000, 0x000000077c200000, 0x00000007c0000000)
  eden space 175616K, 0% used [0x000000076b180000,0x000000076b180000,0x0000000775d00000)
  from space 31232K, 99% used [0x0000000776280000,0x00000007780c41c0,0x0000000778100000)
  to   space 51712K, 0% used [0x0000000778f80000,0x0000000778f80000,0x000000077c200000)
 ParOldGen       total 119296K, used 61926K [0x00000006c1400000, 0x00000006c8880000, 0x000000076b180000)
  object space 119296K, 51% used [0x00000006c1400000,0x00000006c5079800,0x00000006c8880000)
 Metaspace       used 31008K, capacity 32758K, committed 32896K, reserved 1077248K
  class space    used 4542K, capacity 4911K, committed 4992K, reserved 1048576K
}
Event: 967.213 GC heap before
{Heap before GC invocations=21 (full 1):
 PSYoungGen      total 206848K, used 206608K [0x000000076b180000, 0x000000077c200000, 0x00000007c0000000)
  eden space 175616K, 100% used [0x000000076b180000,0x0000000775d00000,0x0000000775d00000)
  from space 31232K, 99% used [0x0000000776280000,0x00000007780c41c0,0x0000000778100000)
  to   space 51712K, 0% used [0x0000000778f80000,0x0000000778f80000,0x000000077c200000)
 ParOldGen       total 119296K, used 61926K [0x00000006c1400000, 0x00000006c8880000, 0x000000076b180000)
  object space 119296K, 51% used [0x00000006c1400000,0x00000006c5079800,0x00000006c8880000)
 Metaspace       used 31009K, capacity 32758K, committed 32896K, reserved 1077248K
  class space    used 4542K, capacity 4911K, committed 4992K, reserved 1048576K
Event: 967.232 GC heap after
Heap after GC invocations=21 (full 1):
 PSYoungGen      total 215040K, used 30959K [0x000000076b180000, 0x000000077bb00000, 0x00000007c0000000)
  eden space 170496K, 0% used [0x000000076b180000,0x000000076b180000,0x0000000775800000)
  from space 44544K, 69% used [0x0000000778f80000,0x000000077adbbf68,0x000000077bb00000)
  to   space 50688K, 0% used [0x0000000775800000,0x0000000775800000,0x0000000778980000)
 ParOldGen       total 119296K, used 61934K [0x00000006c1400000, 0x00000006c8880000, 0x000000076b180000)
  object space 119296K, 51% used [0x00000006c1400000,0x00000006c507b800,0x00000006c8880000)
 Metaspace       used 31009K, capacity 32758K, committed 32896K, reserved 1077248K
  class space    used 4542K, capacity 4911K, committed 4992K, reserved 1048576K
}

